# JRE version: OpenJDK Runtime Environment Temurin-21.0.6+7 (21.0.6+7) (build 21.0.6+7-LTS)
# Java VM: OpenJDK 64-Bit Server VM Temurin-21.0.6+7 (21.0.6+7-LTS, mixed mode, sharing, tiered, compressed oops, compressed class ptrs, g1 gc, windows-amd64)
GC Precious Log:
 CardTable entry size: 512
 Card Set container configuration: InlinePtr #cards 4 size 8 Array Of Cards #cards 16 size 48 Howl #buckets 8 coarsen threshold 3686 Howl Bitmap #cards 512 size 80 coarsen threshold 460 Card regions per heap region 1 cards per card region 4096
 CPUs: 8 total, 8 available
 Memory: 15781M
 Large Page Support: Disabled
 NUMA Support: Disabled
 Compressed Oops: Enabled (Zero based)
 Heap Region Size: 2M
 Heap Min Capacity: 8M
 Heap Initial Capacity: 248M
 Heap Max Capacity: 3946M
 Pre-touch: Disabled
 Parallel Workers: 8
 Concurrent Workers: 2
 Concurrent Refinement Workers: 8
 Periodic GC: Disabled
Heap:
 garbage-first heap   total 59392K, used 31389K [0x0000000709600000, 0x0000000800000000)
  region size 2048K, 12 young (24576K), 2 survivors (4096K)
 Metaspace       used 33917K, committed 34368K, reserved 1114112K
  class space    used 4093K, committed 4288K, reserved 1048576K
GC Heap History (20 events):
Event: 1.462 GC heap before
{Heap before GC invocations=2 (full 0):
 garbage-first heap   total 253952K, used 153891K [0x0000000709600000, 0x0000000800000000)
  region size 2048K, 74 young (151552K), 1 survivors (2048K)
 Metaspace       used 16262K, committed 16576K, reserved 1114112K
  class space    used 1889K, committed 2048K, reserved 1048576K
}
Event: 1.465 GC heap after
{Heap after GC invocations=3 (full 0):
 garbage-first heap   total 253952K, used 9265K [0x0000000709600000, 0x0000000800000000)
  region size 2048K, 3 young (6144K), 3 survivors (6144K)
 Metaspace       used 16262K, committed 16576K, reserved 1114112K
  class space    used 1889K, committed 2048K, reserved 1048576K
}
Event: 1.536 GC heap before
{Heap before GC invocations=3 (full 0):
 garbage-first heap   total 253952K, used 152625K [0x0000000709600000, 0x0000000800000000)
  region size 2048K, 74 young (151552K), 3 survivors (6144K)
 Metaspace       used 16364K, committed 16704K, reserved 1114112K
  class space    used 1889K, committed 2048K, reserved 1048576K
}
Event: 1.538 GC heap after
{Heap after GC invocations=4 (full 0):
 garbage-first heap   total 253952K, used 9385K [0x0000000709600000, 0x0000000800000000)
  region size 2048K, 3 young (6144K), 3 survivors (6144K)
 Metaspace       used 16364K, committed 16704K, reserved 1114112K
  class space    used 1889K, committed 2048K, reserved 1048576K
}
Event: 1.634 GC heap before
{Heap before GC invocations=4 (full 0):
 garbage-first heap   total 253952K, used 152745K [0x0000000709600000, 0x0000000800000000)
  region size 2048K, 74 young (151552K), 3 survivors (6144K)
 Metaspace       used 16416K, committed 16768K, reserved 1114112K
  class space    used 1889K, committed 2048K, reserved 1048576K
}
Event: 1.637 GC heap after
{Heap after GC invocations=5 (full 0):
 garbage-first heap   total 253952K, used 9483K [0x0000000709600000, 0x0000000800000000)
  region size 2048K, 3 young (6144K), 3 survivors (6144K)
 Metaspace       used 16416K, committed 16768K, reserved 1114112K
  class space    used 1889K, committed 2048K, reserved 1048576K
}
Event: 1.690 GC heap before
{Heap before GC invocations=5 (full 0):
 garbage-first heap   total 253952K, used 154891K [0x0000000709600000, 0x0000000800000000)
  region size 2048K, 74 young (151552K), 3 survivors (6144K)
 Metaspace       used 16437K, committed 16768K, reserved 1114112K
  class space    used 1889K, committed 2048K, reserved 1048576K
}
Event: 1.693 GC heap after
{Heap after GC invocations=6 (full 0):
 garbage-first heap   total 253952K, used 9702K [0x0000000709600000, 0x0000000800000000)
  region size 2048K, 3 young (6144K), 3 survivors (6144K)
 Metaspace       used 16437K, committed 16768K, reserved 1114112K
  class space    used 1889K, committed 2048K, reserved 1048576K
}
Event: 1.790 GC heap before
{Heap before GC invocations=6 (full 0):
 garbage-first heap   total 253952K, used 153062K [0x0000000709600000, 0x0000000800000000)
  region size 2048K, 74 young (151552K), 3 survivors (6144K)
 Metaspace       used 16438K, committed 16768K, reserved 1114112K
  class space    used 1889K, committed 2048K, reserved 1048576K
}
Event: 1.793 GC heap after
{Heap after GC invocations=7 (full 0):
 garbage-first heap   total 253952K, used 9715K [0x0000000709600000, 0x0000000800000000)
  region size 2048K, 3 young (6144K), 3 survivors (6144K)
 Metaspace       used 16438K, committed 16768K, reserved 1114112K
  class space    used 1889K, committed 2048K, reserved 1048576K
}
Event: 1.893 GC heap before
{Heap before GC invocations=7 (full 0):
 garbage-first heap   total 253952K, used 155123K [0x0000000709600000, 0x0000000800000000)
  region size 2048K, 74 young (151552K), 3 survivors (6144K)
 Metaspace       used 16438K, committed 16768K, reserved 1114112K
  class space    used 1889K, committed 2048K, reserved 1048576K
}
Event: 1.896 GC heap after
{Heap after GC invocations=8 (full 0):
 garbage-first heap   total 331776K, used 9724K [0x0000000709600000, 0x0000000800000000)
  region size 2048K, 3 young (6144K), 3 survivors (6144K)
 Metaspace       used 16438K, committed 16768K, reserved 1114112K
  class space    used 1889K, committed 2048K, reserved 1048576K
}
Event: 2.027 GC heap before
{Heap before GC invocations=8 (full 0):
 garbage-first heap   total 331776K, used 202236K [0x0000000709600000, 0x0000000800000000)
  region size 2048K, 97 young (198656K), 3 survivors (6144K)
 Metaspace       used 16438K, committed 16768K, reserved 1114112K
  class space    used 1889K, committed 2048K, reserved 1048576K
}
Event: 2.031 GC heap after
{Heap after GC invocations=9 (full 0):
 garbage-first heap   total 331776K, used 9822K [0x0000000709600000, 0x0000000800000000)
  region size 2048K, 3 young (6144K), 3 survivors (6144K)
 Metaspace       used 16438K, committed 16768K, reserved 1114112K
  class space    used 1889K, committed 2048K, reserved 1048576K
}
Event: 2.424 GC heap before
{Heap before GC invocations=9 (full 0):
 garbage-first heap   total 331776K, used 71262K [0x0000000709600000, 0x0000000800000000)
  region size 2048K, 34 young (69632K), 3 survivors (6144K)
 Metaspace       used 21186K, committed 21504K, reserved 1114112K
  class space    used 2547K, committed 2688K, reserved 1048576K
}
Event: 2.428 GC heap after
{Heap after GC invocations=10 (full 0):
 garbage-first heap   total 331776K, used 10946K [0x0000000709600000, 0x0000000800000000)
  region size 2048K, 4 young (8192K), 4 survivors (8192K)
 Metaspace       used 21186K, committed 21504K, reserved 1114112K
  class space    used 2547K, committed 2688K, reserved 1048576K
}
Event: 3.307 GC heap before
{Heap before GC invocations=11 (full 0):
 garbage-first heap   total 49152K, used 43714K [0x0000000709600000, 0x0000000800000000)
  region size 2048K, 21 young (43008K), 4 survivors (8192K)
 Metaspace       used 25280K, committed 25600K, reserved 1114112K
  class space    used 2993K, committed 3136K, reserved 1048576K
}
Event: 3.314 GC heap after
{Heap after GC invocations=12 (full 0):
 garbage-first heap   total 59392K, used 14671K [0x0000000709600000, 0x0000000800000000)
  region size 2048K, 5 young (10240K), 5 survivors (10240K)
 Metaspace       used 25280K, committed 25600K, reserved 1114112K
  class space    used 2993K, committed 3136K, reserved 1048576K
}
Event: 6.028 GC heap before
{Heap before GC invocations=12 (full 0):
 garbage-first heap   total 59392K, used 41295K [0x0000000709600000, 0x0000000800000000)
  region size 2048K, 17 young (34816K), 5 survivors (10240K)
 Metaspace       used 33532K, committed 33984K, reserved 1114112K
  class space    used 4051K, committed 4288K, reserved 1048576K
}
Event: 6.038 GC heap after
{Heap after GC invocations=13 (full 0):
 garbage-first heap   total 59392K, used 15005K [0x0000000709600000, 0x0000000800000000)
  region size 2048K, 2 young (4096K), 2 survivors (4096K)
 Metaspace       used 33532K, committed 33984K, reserved 1114112K
  class space    used 4051K, committed 4288K, reserved 1048576K
}

